Arguments: 
  C:\Program Files\nodejs\node.exe C:\Program Files\nodejs\node_modules\yarn\bin\yarn.js add qianku

PATH: 
  C:\windows\system32;C:\windows;C:\windows\System32\Wbem;C:\windows\System32\WindowsPowerShell\v1.0\;C:\windows\System32\OpenSSH\;D:\soft\Git\cmd;C:\Users\ai.zhang\AppData\Local\Yarn\bin;C:\Program Files (x86)\nvm;C:\Program Files\nodejs;C:\Program Files\Bandizip\;C:\Users\ai.zhang\AppData\Local\Microsoft\WindowsApps;D:\soft\Microsoft VS Code\bin;C:\Users\ai.zhang\AppData\Local\Programs\Fiddler;D:\soft\Fiddler;C:\Program Files (x86)\nvm;C:\Program Files\nodejs;

Yarn version: 
  1.22.19

Node version: 
  14.16.1

Platform: 
  win32 x64

Trace: 
  Error: https://registry.yarnpkg.com/qianku: Not found
      at Request.params.callback [as _callback] (C:\Program Files (x86)\nvm\v14.16.1\node_modules\yarn\lib\cli.js:66145:18)
      at Request.self.callback (C:\Program Files (x86)\nvm\v14.16.1\node_modules\yarn\lib\cli.js:140890:22)
      at Request.emit (events.js:315:20)
      at Request.<anonymous> (C:\Program Files (x86)\nvm\v14.16.1\node_modules\yarn\lib\cli.js:141862:10)
      at Request.emit (events.js:315:20)
      at IncomingMessage.<anonymous> (C:\Program Files (x86)\nvm\v14.16.1\node_modules\yarn\lib\cli.js:141784:12)
      at Object.onceWrapper (events.js:421:28)
      at IncomingMessage.emit (events.js:327:22)
      at endReadableNT (internal/streams/readable.js:1327:12)
      at processTicksAndRejections (internal/process/task_queues.js:80:21)

npm manifest: 
  No manifest

yarn manifest: 
  No manifest

Lockfile: 
  No lockfile
